<?xml version="1.0" encoding="utf-8"?><testsuite errors="0" failures="2" name="pytest" skips="0" tests="12" time="2.984"><testcase classname="test_submit.TestChalange2" file="test_submit.py" line="6" name="test_instance_class" time="0.0025272369384765625"></testcase><testcase classname="test_submit.TestChalange2" file="test_submit.py" line="10" name="test_protected_attribute_manager" time="0.0029976367950439453"></testcase><testcase classname="test_submit.TestChalange2" file="test_submit.py" line="15" name="test_protected_attribute" time="0.0020172595977783203"></testcase><testcase classname="test_submit.TestChalange2" file="test_submit.py" line="20" name="test_total_hours_seller" time="0.0009984970092773438"></testcase><testcase classname="test_submit.TestChalange2" file="test_submit.py" line="24" name="test_total_hours_manager" time="0.0009989738464355469"></testcase><testcase classname="test_submit.TestChalange2" file="test_submit.py" line="28" name="test_get_department_seller" time="0.04207110404968262"><failure message="AssertionError: assert &apos;managers&apos; == &apos;sellers&apos;
  - managers
  + sellers">E   AssertionError: assert &apos;managers&apos; == &apos;sellers&apos;
      - managers
      + sellers</failure></testcase><testcase classname="test_submit.TestChalange2" file="test_submit.py" line="32" name="test_get_department_manager" time="0.003693819046020508"><failure message="AssertionError: assert &lt;main.Departament object at 0x040E66B8&gt; == &apos;managers&apos;
 +  where &lt;main.Departament object at 0x040E66B8&gt; = &lt;bound method Manager.get_departament of &lt;main.Manager object at 0x040E6418&gt;&gt;()
 +    where &lt;bound method Manager.get_departament of &lt;main.Manager object at 0x040E6418&gt;&gt; = &lt;main.Manager object at 0x040E6418&gt;.get_departament">E   AssertionError: assert &lt;main.Departament object at 0x040E66B8&gt; == &apos;managers&apos;
     +  where &lt;main.Departament object at 0x040E66B8&gt; = &lt;bound method Manager.get_departament of &lt;main.Manager object at 0x040E6418&gt;&gt;()
     +    where &lt;bound method Manager.get_departament of &lt;main.Manager object at 0x040E6418&gt;&gt; = &lt;main.Manager object at 0x040E6418&gt;.get_departament</failure></testcase><testcase classname="test_submit.TestChalange2" file="test_submit.py" line="36" name="test_sales_seller" time="0.0030171871185302734"></testcase><testcase classname="test_submit.TestChalange2" file="test_submit.py" line="42" name="test_protected_attribute_sales" time="0.0029900074005126953"></testcase><testcase classname="test_submit.TestChalange2" file="test_submit.py" line="47" name="test_calc_bonus_seller" time="0.003751039505004883"></testcase><testcase classname="test_submit.TestChalange2" file="test_submit.py" line="53" name="test_calc_bonus_manger" time="0.0020058155059814453"></testcase><testcase classname="test_submit.TestChalange2" file="test_submit.py" line="57" name="test_get_sales_manger" time="0.0030870437622070312"></testcase></testsuite>